2015-04-01 08:57:20          INFO   :       >> Logging start
2015-04-01 08:57:20          INFO   :       Connected to Server
2015-04-01 08:57:20          INFO   :       Local dir created 
2015-04-01 08:57:21          INFO   :       File downloading
2015-04-01 08:57:21          INFO   :       File Stored : C:\Users\admin\AppData\Local\Temp\source_downloads_from_server\source1\BSP-11TH.TXT
2015-04-01 08:57:21          INFO   :       Local target dir created : C:\Users\admin\AppData\Local\Temp\source_downloads_from_server\target1
2015-04-01 08:57:21          INFO   :       File decrypted : C:\Users\admin\AppData\Local\Temp\source_downloads_from_server\source1\BSP-11TH.TXT
2015-04-01 08:57:21          INFO   :       File stored : C:\Users\admin\AppData\Local\Temp\source_downloads_from_server\target1\BSP-11TH.TXT
2015-04-01 08:57:22          INFO   :       File uploaded : target1/BSP-11TH.TXT
2015-04-01 08:57:24          INFO   :       Dir completed created at server: /source1/completed
2015-04-01 08:57:24          INFO   :       Dir error created at server: /source1/error
2015-04-01 08:57:24          INFO   :       SERVER: 221 Good-Bye
2015-04-01 08:57:24          INFO   :       Moving server file : /source1/BSP-11TH.TXT
2015-04-01 08:57:24          INFO   :       File moved to : //source1//completed//BSP-11TH.TXT
2015-04-01 08:57:24          INFO   :       File moved >> completed folder
2015-04-01 08:57:24          INFO   :       removing file or directory : BSP-11TH.TXT
2015-04-01 08:57:24          INFO   :       removing file or directory : source1
2015-04-01 08:57:24          INFO   :       removing file or directory : BSP-11TH.TXT
2015-04-01 08:57:24          INFO   :       removing file or directory : target1
2015-04-01 08:57:24          INFO   :       removing file or directory : source_downloads_from_server
2015-04-01 08:57:30          INFO   :       Email sent successfully...
2015-04-01 08:57:30          INFO   :       Disconnected 
2015-04-01 08:57:30          INFO   :       >> Logging ends
